<?xml version="1.0" encoding="UTF-8"?>
<!-- Generated by org.testng.reporters.JUnitReportReporter -->
<testsuite hostname="DESKTOP-O3LI34K" name="com.restassuredTests.Demo1_GET_Request" tests="1" failures="0" timestamp="2 May 2020 17:48:50 GMT" time="4.079" errors="0">
  <testcase name="getWeatherDetails" time="4.079" classname="com.restassuredTests.Demo1_GET_Request"/>
</testsuite> <!-- com.restassuredTests.Demo1_GET_Request -->
