<?xml version="1.0" encoding="UTF-8"?>
<!-- Generated by org.testng.reporters.JUnitReportReporter -->
<testsuite hostname="DESKTOP-O3LI34K" name="com.restassuredTests.Demo3_PUT_Request" tests="1" failures="0" timestamp="3 May 2020 07:55:14 GMT" time="2.234" errors="0">
  <testcase name="postTest" time="2.234" classname="com.restassuredTests.Demo3_PUT_Request"/>
</testsuite> <!-- com.restassuredTests.Demo3_PUT_Request -->
